<?xml version="1.0" encoding="UTF-8"?>
<!-- Generated by org.testng.reporters.JUnitXMLReporter -->
<testsuite ignored="0" hostname="Mac1s-MacBook-Pro.local" failures="0" tests="8" name="Test" time="185.424" errors="0" timestamp="2023-11-02T14:22:00 WIB">
  <testcase classname="TestCase.TC1_RegisterBerhasil" name="LoginInvalidPasswordSalah" time="25.58"/>
  <testcase classname="TestCase.TC1_RegisterBerhasil" name="LoginNoBelumTerdaftar" time="25.409"/>
  <testcase classname="TestCase.TC1_RegisterBerhasil" name="LoginNoBelumTerdaftarOtpSalah" time="23.849"/>
  <testcase classname="TestCase.TC1_RegisterBerhasil" name="Login_valid" time="23.605"/>
  <testcase classname="TestCase.b_Login_Email" name="LoginEmailBelumTerdaftar" time="22.307"/>
  <testcase classname="TestCase.b_Login_Email" name="LoginInvalidEmailTidakSesuai" time="21.013"/>
  <testcase classname="TestCase.b_Login_Email" name="Login_Email_Valid" time="21.788"/>
  <testcase classname="TestCase.b_Login_Email" name="Login_Invalid_Email_PasswordSalah" time="21.73"/>
</testsuite> <!-- Test -->
