<?xml version="1.0" encoding="UTF-8"?>
<testng-results ignored="0" total="1" passed="1" failed="0" skipped="0">
  <reporter-output>
  </reporter-output>
  <suite started-at="2023-11-28T14:31:50 WIB" name="Default suite" finished-at="2023-11-28T14:32:28 WIB" duration-ms="37766">
    <groups>
    </groups>
    <test started-at="2023-11-28T14:31:50 WIB" name="Default test" finished-at="2023-11-28T14:32:28 WIB" duration-ms="37766">
      <class name="TestCase.TC1_RegisterBerhasil">
        <test-method is-config="true" signature="setup()[pri:0, instance:TestCase.TC1_RegisterBerhasil@8ad6665]" started-at="2023-11-28T14:31:50 WIB" name="setup" finished-at="2023-11-28T14:31:53 WIB" duration-ms="2458" status="PASS">
          <reporter-output>
          </reporter-output>
        </test-method> <!-- setup -->
        <test-method signature="getPhone(java.util.HashMap)[pri:0, instance:TestCase.TC1_RegisterBerhasil@8ad6665]" started-at="2023-11-28T14:31:53 WIB" name="getPhone" data-provider="dataLogin" finished-at="2023-11-28T14:32:28 WIB" duration-ms="34678" status="PASS">
          <params>
            <param index="0">
              <value>
                <![CDATA[{phone=08999239305, password=4321lupa}]]>
              </value>
            </param>
          </params>
          <reporter-output>
          </reporter-output>
        </test-method> <!-- getPhone -->
        <test-method is-config="true" signature="tearDown()[pri:0, instance:TestCase.TC1_RegisterBerhasil@8ad6665]" started-at="2023-11-28T14:32:28 WIB" name="tearDown" finished-at="2023-11-28T14:32:28 WIB" duration-ms="289" status="PASS">
          <reporter-output>
          </reporter-output>
        </test-method> <!-- tearDown -->
      </class> <!-- TestCase.TC1_RegisterBerhasil -->
    </test> <!-- Default test -->
  </suite> <!-- Default suite -->
</testng-results>
